{"/Users/gema/Desktop/Practica Testing/practica-testing/fixtures/posts.js": {"path":"/Users/gema/Desktop/Practica Testing/practica-testing/fixtures/posts.js","statementMap":{"0":{"start":{"line":1,"column":21},"end":{"line":592,"column":1}}},"fnMap":{},"branchMap":{},"s":{"0":2},"f":{},"b":{},"_coverageSchema":"1a1c01bbd47fc00a2c39e90264f33305004495a9","hash":"361e7e68c4c97ec17e26e322236cd60759db115a"}
,"/Users/gema/Desktop/Practica Testing/practica-testing/src/app/isEven.js": {"path":"/Users/gema/Desktop/Practica Testing/practica-testing/src/app/isEven.js","statementMap":{"0":{"start":{"line":1,"column":21},"end":{"line":7,"column":1}},"1":{"start":{"line":2,"column":2},"end":{"line":6,"column":3}},"2":{"start":{"line":3,"column":4},"end":{"line":3,"column":20}},"3":{"start":{"line":5,"column":4},"end":{"line":5,"column":22}}},"fnMap":{"0":{"name":"(anonymous_0)","decl":{"start":{"line":1,"column":21},"end":{"line":1,"column":22}},"loc":{"start":{"line":1,"column":39},"end":{"line":7,"column":1}},"line":1}},"branchMap":{"0":{"loc":{"start":{"line":2,"column":2},"end":{"line":6,"column":3}},"type":"if","locations":[{"start":{"line":2,"column":2},"end":{"line":6,"column":3}},{"start":{"line":2,"column":2},"end":{"line":6,"column":3}}],"line":2}},"s":{"0":1,"1":2,"2":1,"3":1},"f":{"0":2},"b":{"0":[1,1]},"_coverageSchema":"1a1c01bbd47fc00a2c39e90264f33305004495a9","hash":"ea2aa5c6073f5d916a75926b4b169cf88347267c"}
,"/Users/gema/Desktop/Practica Testing/practica-testing/src/app/palindromo.js": {"path":"/Users/gema/Desktop/Practica Testing/practica-testing/src/app/palindromo.js","statementMap":{"0":{"start":{"line":2,"column":17},"end":{"line":2,"column":56}},"1":{"start":{"line":3,"column":22},"end":{"line":3,"column":57}},"2":{"start":{"line":5,"column":2},"end":{"line":5,"column":71}},"3":{"start":{"line":8,"column":0},"end":{"line":8,"column":50}}},"fnMap":{"0":{"name":"IsPalindrome","decl":{"start":{"line":1,"column":16},"end":{"line":1,"column":28}},"loc":{"start":{"line":1,"column":34},"end":{"line":6,"column":1}},"line":1}},"branchMap":{"0":{"loc":{"start":{"line":5,"column":9},"end":{"line":5,"column":70}},"type":"cond-expr","locations":[{"start":{"line":5,"column":34},"end":{"line":5,"column":49}},{"start":{"line":5,"column":52},"end":{"line":5,"column":70}}],"line":5}},"s":{"0":3,"1":3,"2":3,"3":1},"f":{"0":3},"b":{"0":[2,1]},"_coverageSchema":"1a1c01bbd47fc00a2c39e90264f33305004495a9","hash":"3dab8817cd817478c48c7901bb976668accec9fe"}
,"/Users/gema/Desktop/Practica Testing/practica-testing/src/app/validateId.js": {"path":"/Users/gema/Desktop/Practica Testing/practica-testing/src/app/validateId.js","statementMap":{"0":{"start":{"line":4,"column":2},"end":{"line":8,"column":3}},"1":{"start":{"line":5,"column":4},"end":{"line":5,"column":17}},"2":{"start":{"line":7,"column":4},"end":{"line":7,"column":16}},"3":{"start":{"line":12,"column":16},"end":{"line":12,"column":28}},"4":{"start":{"line":13,"column":19},"end":{"line":13,"column":35}},"5":{"start":{"line":14,"column":28},"end":{"line":14,"column":50}},"6":{"start":{"line":15,"column":19},"end":{"line":15,"column":70}},"7":{"start":{"line":15,"column":43},"end":{"line":15,"column":60}},"8":{"start":{"line":16,"column":26},"end":{"line":16,"column":28}},"9":{"start":{"line":17,"column":23},"end":{"line":17,"column":62}},"10":{"start":{"line":18,"column":24},"end":{"line":18,"column":42}},"11":{"start":{"line":19,"column":2},"end":{"line":23,"column":3}},"12":{"start":{"line":20,"column":4},"end":{"line":20,"column":16}},"13":{"start":{"line":22,"column":4},"end":{"line":22,"column":17}},"14":{"start":{"line":27,"column":2},"end":{"line":48,"column":3}},"15":{"start":{"line":28,"column":4},"end":{"line":41,"column":5}},"16":{"start":{"line":29,"column":25},"end":{"line":32,"column":7}},"17":{"start":{"line":33,"column":6},"end":{"line":33,"column":24}},"18":{"start":{"line":35,"column":25},"end":{"line":39,"column":7}},"19":{"start":{"line":40,"column":6},"end":{"line":40,"column":24}},"20":{"start":{"line":43,"column":23},"end":{"line":46,"column":5}},"21":{"start":{"line":47,"column":4},"end":{"line":47,"column":22}},"22":{"start":{"line":51,"column":0},"end":{"line":51,"column":22}}},"fnMap":{"0":{"name":"idLength","decl":{"start":{"line":3,"column":9},"end":{"line":3,"column":17}},"loc":{"start":{"line":3,"column":22},"end":{"line":9,"column":1}},"line":3},"1":{"name":"correctLetter","decl":{"start":{"line":11,"column":9},"end":{"line":11,"column":22}},"loc":{"start":{"line":11,"column":27},"end":{"line":24,"column":1}},"line":11},"2":{"name":"(anonymous_2)","decl":{"start":{"line":15,"column":33},"end":{"line":15,"column":34}},"loc":{"start":{"line":15,"column":43},"end":{"line":15,"column":60}},"line":15},"3":{"name":"validateId","decl":{"start":{"line":26,"column":9},"end":{"line":26,"column":19}},"loc":{"start":{"line":26,"column":24},"end":{"line":49,"column":1}},"line":26}},"branchMap":{"0":{"loc":{"start":{"line":4,"column":2},"end":{"line":8,"column":3}},"type":"if","locations":[{"start":{"line":4,"column":2},"end":{"line":8,"column":3}},{"start":{"line":4,"column":2},"end":{"line":8,"column":3}}],"line":4},"1":{"loc":{"start":{"line":19,"column":2},"end":{"line":23,"column":3}},"type":"if","locations":[{"start":{"line":19,"column":2},"end":{"line":23,"column":3}},{"start":{"line":19,"column":2},"end":{"line":23,"column":3}}],"line":19},"2":{"loc":{"start":{"line":27,"column":2},"end":{"line":48,"column":3}},"type":"if","locations":[{"start":{"line":27,"column":2},"end":{"line":48,"column":3}},{"start":{"line":27,"column":2},"end":{"line":48,"column":3}}],"line":27},"3":{"loc":{"start":{"line":28,"column":4},"end":{"line":41,"column":5}},"type":"if","locations":[{"start":{"line":28,"column":4},"end":{"line":41,"column":5}},{"start":{"line":28,"column":4},"end":{"line":41,"column":5}}],"line":28}},"s":{"0":6,"1":3,"2":3,"3":4,"4":4,"5":4,"6":4,"7":36,"8":4,"9":4,"10":4,"11":4,"12":2,"13":2,"14":4,"15":2,"16":1,"17":1,"18":1,"19":1,"20":2,"21":2,"22":1},"f":{"0":6,"1":4,"2":36,"3":4},"b":{"0":[3,3],"1":[2,2],"2":[2,2],"3":[1,1]},"_coverageSchema":"1a1c01bbd47fc00a2c39e90264f33305004495a9","hash":"97c9e76928f9a95ef509ffd0b92a3c24b111b6e1"}
,"/Users/gema/Desktop/Practica Testing/practica-testing/src/posts/posts.repository.js": {"path":"/Users/gema/Desktop/Practica Testing/practica-testing/src/posts/posts.repository.js","statementMap":{"0":{"start":{"line":5,"column":21},"end":{"line":7,"column":5}},"1":{"start":{"line":8,"column":4},"end":{"line":8,"column":20}}},"fnMap":{"0":{"name":"(anonymous_0)","decl":{"start":{"line":4,"column":2},"end":{"line":4,"column":3}},"loc":{"start":{"line":4,"column":22},"end":{"line":9,"column":3}},"line":4}},"branchMap":{},"s":{"0":1,"1":1},"f":{"0":1},"b":{},"_coverageSchema":"1a1c01bbd47fc00a2c39e90264f33305004495a9","hash":"215a7c6b1ae0667e5cec573a5e3cadba8cd1c48c"}
,"/Users/gema/Desktop/Practica Testing/practica-testing/src/posts/posts.service.js": {"path":"/Users/gema/Desktop/Practica Testing/practica-testing/src/posts/posts.service.js","statementMap":{"0":{"start":{"line":5,"column":4},"end":{"line":5,"column":44}},"1":{"start":{"line":8,"column":4},"end":{"line":8,"column":47}}},"fnMap":{"0":{"name":"(anonymous_0)","decl":{"start":{"line":4,"column":2},"end":{"line":4,"column":3}},"loc":{"start":{"line":4,"column":16},"end":{"line":6,"column":3}},"line":4},"1":{"name":"(anonymous_1)","decl":{"start":{"line":7,"column":2},"end":{"line":7,"column":3}},"loc":{"start":{"line":7,"column":19},"end":{"line":9,"column":3}},"line":7}},"branchMap":{},"s":{"0":1,"1":1},"f":{"0":1,"1":1},"b":{},"_coverageSchema":"1a1c01bbd47fc00a2c39e90264f33305004495a9","hash":"209c72ac6251eda000b8ce7897dc8ef95df24215"}
}
