TN:
SF:fixtures/posts.js
FNF:0
FNH:0
DA:1,2
LF:1
LH:1
BRF:0
BRH:0
end_of_record
TN:
SF:src/app/isEven.js
FN:1,(anonymous_0)
FNF:1
FNH:1
FNDA:2,(anonymous_0)
DA:1,1
DA:2,2
DA:3,1
DA:5,1
LF:4
LH:4
BRDA:2,0,0,1
BRDA:2,0,1,1
BRF:2
BRH:2
end_of_record
TN:
SF:src/app/palindromo.js
FN:1,IsPalindrome
FNF:1
FNH:1
FNDA:3,IsPalindrome
DA:2,3
DA:3,3
DA:5,3
DA:8,1
LF:4
LH:4
BRDA:5,0,0,2
BRDA:5,0,1,1
BRF:2
BRH:2
end_of_record
TN:
SF:src/app/validateId.js
FN:3,idLength
FN:11,correctLetter
FN:15,(anonymous_2)
FN:26,validateId
FNF:4
FNH:4
FNDA:6,idLength
FNDA:4,correctLetter
FNDA:36,(anonymous_2)
FNDA:4,validateId
DA:4,6
DA:5,3
DA:7,3
DA:12,4
DA:13,4
DA:14,4
DA:15,36
DA:16,4
DA:17,4
DA:18,4
DA:19,4
DA:20,2
DA:22,2
DA:27,4
DA:28,2
DA:29,1
DA:33,1
DA:35,1
DA:40,1
DA:43,2
DA:47,2
DA:51,1
LF:22
LH:22
BRDA:4,0,0,3
BRDA:4,0,1,3
BRDA:19,1,0,2
BRDA:19,1,1,2
BRDA:27,2,0,2
BRDA:27,2,1,2
BRDA:28,3,0,1
BRDA:28,3,1,1
BRF:8
BRH:8
end_of_record
TN:
SF:src/posts/posts.repository.js
FN:4,(anonymous_0)
FNF:1
FNH:1
FNDA:1,(anonymous_0)
DA:5,1
DA:8,1
LF:2
LH:2
BRF:0
BRH:0
end_of_record
TN:
SF:src/posts/posts.service.js
FN:4,(anonymous_0)
FN:7,(anonymous_1)
FNF:2
FNH:2
FNDA:1,(anonymous_0)
FNDA:1,(anonymous_1)
DA:5,1
DA:8,1
LF:2
LH:2
BRF:0
BRH:0
end_of_record
